[0.216s] DEBUG:colcon:Command line arguments: ['/usr/bin/colcon', 'list', '-p', '--base-paths', '/home/william/rs2_ws/src/Robo-Studio2']
[0.216s] DEBUG:colcon:Parsed command line arguments: Namespace(log_base=None, log_level=None, verb_name='list', build_base='build', ignore_user_meta=False, metas=['./colcon.meta'], base_paths=['/home/william/rs2_ws/src/Robo-Studio2'], packages_ignore=None, packages_ignore_regex=None, paths=None, packages_up_to=None, packages_up_to_regex=None, packages_above=None, packages_above_and_dependencies=None, packages_above_depth=None, packages_select_by_dep=None, packages_skip_by_dep=None, packages_skip_up_to=None, packages_select_build_failed=False, packages_skip_build_finished=False, packages_select_test_failures=False, packages_skip_test_passed=False, packages_select=None, packages_skip=None, packages_select_regex=None, packages_skip_regex=None, packages_start=None, packages_end=None, allow_overriding=[], topological_order=False, names_only=False, paths_only=True, topological_graph=False, topological_graph_dot=False, topological_graph_density=False, topological_graph_legend=False, topological_graph_dot_cluster=False, topological_graph_dot_include_skipped=False, mixin_files=None, mixin=None, verb_parser=<colcon_mixin.mixin.mixin_argument.MixinArgumentDecorator object at 0x7f9fc08f12a0>, verb_extension=<colcon_package_information.verb.list.ListVerb object at 0x7f9fc08f0250>, main=<bound method ListVerb.main of <colcon_package_information.verb.list.ListVerb object at 0x7f9fc08f0250>>, mixin_verb=('list',))
[0.405s] Level 1:colcon.colcon_core.package_discovery:discover_packages(colcon_meta) check parameters
[0.405s] Level 1:colcon.colcon_core.package_discovery:discover_packages(recursive) check parameters
[0.405s] Level 1:colcon.colcon_core.package_discovery:discover_packages(ignore) check parameters
[0.406s] Level 1:colcon.colcon_core.package_discovery:discover_packages(path) check parameters
[0.406s] Level 1:colcon.colcon_core.package_discovery:discover_packages(recursive) discover
[0.406s] INFO:colcon.colcon_core.package_discovery:Crawling recursively for packages in '/home/william/rs2_ws/src/Robo-Studio2'
[0.406s] Level 1:colcon.colcon_core.package_identification:_identify(/home/william/rs2_ws/src/Robo-Studio2) by extensions ['ignore', 'ignore_ament_install']
[0.406s] Level 1:colcon.colcon_core.package_identification:_identify(/home/william/rs2_ws/src/Robo-Studio2) by extension 'ignore'
[0.406s] Level 1:colcon.colcon_core.package_identification:_identify(/home/william/rs2_ws/src/Robo-Studio2) by extension 'ignore_ament_install'
[0.407s] Level 1:colcon.colcon_core.package_identification:_identify(/home/william/rs2_ws/src/Robo-Studio2) by extensions ['colcon_pkg']
[0.407s] Level 1:colcon.colcon_core.package_identification:_identify(/home/william/rs2_ws/src/Robo-Studio2) by extension 'colcon_pkg'
[0.407s] Level 1:colcon.colcon_core.package_identification:_identify(/home/william/rs2_ws/src/Robo-Studio2) by extensions ['colcon_meta']
[0.407s] Level 1:colcon.colcon_core.package_identification:_identify(/home/william/rs2_ws/src/Robo-Studio2) by extension 'colcon_meta'
[0.407s] Level 1:colcon.colcon_core.package_identification:_identify(/home/william/rs2_ws/src/Robo-Studio2) by extensions ['ros']
[0.407s] Level 1:colcon.colcon_core.package_identification:_identify(/home/william/rs2_ws/src/Robo-Studio2) by extension 'ros'
[0.421s] Level 1:colcon.colcon_core.package_identification:_identify(/home/william/rs2_ws/src/Robo-Studio2) by extensions ['cmake', 'python']
[0.421s] Level 1:colcon.colcon_core.package_identification:_identify(/home/william/rs2_ws/src/Robo-Studio2) by extension 'cmake'
[0.421s] Level 1:colcon.colcon_core.package_identification:_identify(/home/william/rs2_ws/src/Robo-Studio2) by extension 'python'
[0.421s] Level 1:colcon.colcon_core.package_identification:_identify(/home/william/rs2_ws/src/Robo-Studio2) by extensions ['python_setup_py']
[0.421s] Level 1:colcon.colcon_core.package_identification:_identify(/home/william/rs2_ws/src/Robo-Studio2) by extension 'python_setup_py'
[0.422s] Level 1:colcon.colcon_core.package_identification:_identify(/home/william/rs2_ws/src/Robo-Studio2/log) by extensions ['ignore', 'ignore_ament_install']
[0.422s] Level 1:colcon.colcon_core.package_identification:_identify(/home/william/rs2_ws/src/Robo-Studio2/log) by extension 'ignore'
[0.422s] Level 1:colcon.colcon_core.package_identification:_identify(/home/william/rs2_ws/src/Robo-Studio2/log) ignored
[0.422s] Level 1:colcon.colcon_core.package_identification:_identify(/home/william/rs2_ws/src/Robo-Studio2/src) by extensions ['ignore', 'ignore_ament_install']
[0.422s] Level 1:colcon.colcon_core.package_identification:_identify(/home/william/rs2_ws/src/Robo-Studio2/src) by extension 'ignore'
[0.422s] Level 1:colcon.colcon_core.package_identification:_identify(/home/william/rs2_ws/src/Robo-Studio2/src) by extension 'ignore_ament_install'
[0.423s] Level 1:colcon.colcon_core.package_identification:_identify(/home/william/rs2_ws/src/Robo-Studio2/src) by extensions ['colcon_pkg']
[0.423s] Level 1:colcon.colcon_core.package_identification:_identify(/home/william/rs2_ws/src/Robo-Studio2/src) by extension 'colcon_pkg'
[0.423s] Level 1:colcon.colcon_core.package_identification:_identify(/home/william/rs2_ws/src/Robo-Studio2/src) by extensions ['colcon_meta']
[0.423s] Level 1:colcon.colcon_core.package_identification:_identify(/home/william/rs2_ws/src/Robo-Studio2/src) by extension 'colcon_meta'
[0.423s] Level 1:colcon.colcon_core.package_identification:_identify(/home/william/rs2_ws/src/Robo-Studio2/src) by extensions ['ros']
[0.423s] Level 1:colcon.colcon_core.package_identification:_identify(/home/william/rs2_ws/src/Robo-Studio2/src) by extension 'ros'
[0.423s] Level 1:colcon.colcon_core.package_identification:_identify(/home/william/rs2_ws/src/Robo-Studio2/src) by extensions ['cmake', 'python']
[0.423s] Level 1:colcon.colcon_core.package_identification:_identify(/home/william/rs2_ws/src/Robo-Studio2/src) by extension 'cmake'
[0.423s] Level 1:colcon.colcon_core.package_identification:_identify(/home/william/rs2_ws/src/Robo-Studio2/src) by extension 'python'
[0.423s] Level 1:colcon.colcon_core.package_identification:_identify(/home/william/rs2_ws/src/Robo-Studio2/src) by extensions ['python_setup_py']
[0.423s] Level 1:colcon.colcon_core.package_identification:_identify(/home/william/rs2_ws/src/Robo-Studio2/src) by extension 'python_setup_py'
[0.423s] Level 1:colcon.colcon_core.package_identification:_identify(/home/william/rs2_ws/src/Robo-Studio2/src/Full Implimentation) by extensions ['ignore', 'ignore_ament_install']
[0.424s] Level 1:colcon.colcon_core.package_identification:_identify(/home/william/rs2_ws/src/Robo-Studio2/src/Full Implimentation) by extension 'ignore'
[0.424s] Level 1:colcon.colcon_core.package_identification:_identify(/home/william/rs2_ws/src/Robo-Studio2/src/Full Implimentation) by extension 'ignore_ament_install'
[0.424s] Level 1:colcon.colcon_core.package_identification:_identify(/home/william/rs2_ws/src/Robo-Studio2/src/Full Implimentation) by extensions ['colcon_pkg']
[0.424s] Level 1:colcon.colcon_core.package_identification:_identify(/home/william/rs2_ws/src/Robo-Studio2/src/Full Implimentation) by extension 'colcon_pkg'
[0.424s] Level 1:colcon.colcon_core.package_identification:_identify(/home/william/rs2_ws/src/Robo-Studio2/src/Full Implimentation) by extensions ['colcon_meta']
[0.424s] Level 1:colcon.colcon_core.package_identification:_identify(/home/william/rs2_ws/src/Robo-Studio2/src/Full Implimentation) by extension 'colcon_meta'
[0.424s] Level 1:colcon.colcon_core.package_identification:_identify(/home/william/rs2_ws/src/Robo-Studio2/src/Full Implimentation) by extensions ['ros']
[0.424s] Level 1:colcon.colcon_core.package_identification:_identify(/home/william/rs2_ws/src/Robo-Studio2/src/Full Implimentation) by extension 'ros'
[0.424s] Level 1:colcon.colcon_core.package_identification:_identify(/home/william/rs2_ws/src/Robo-Studio2/src/Full Implimentation) by extensions ['cmake', 'python']
[0.424s] Level 1:colcon.colcon_core.package_identification:_identify(/home/william/rs2_ws/src/Robo-Studio2/src/Full Implimentation) by extension 'cmake'
[0.424s] Level 1:colcon.colcon_core.package_identification:_identify(/home/william/rs2_ws/src/Robo-Studio2/src/Full Implimentation) by extension 'python'
[0.424s] Level 1:colcon.colcon_core.package_identification:_identify(/home/william/rs2_ws/src/Robo-Studio2/src/Full Implimentation) by extensions ['python_setup_py']
[0.424s] Level 1:colcon.colcon_core.package_identification:_identify(/home/william/rs2_ws/src/Robo-Studio2/src/Full Implimentation) by extension 'python_setup_py'
[0.424s] Level 1:colcon.colcon_core.package_identification:_identify(/home/william/rs2_ws/src/Robo-Studio2/src/archive) by extensions ['ignore', 'ignore_ament_install']
[0.425s] Level 1:colcon.colcon_core.package_identification:_identify(/home/william/rs2_ws/src/Robo-Studio2/src/archive) by extension 'ignore'
[0.425s] Level 1:colcon.colcon_core.package_identification:_identify(/home/william/rs2_ws/src/Robo-Studio2/src/archive) by extension 'ignore_ament_install'
[0.425s] Level 1:colcon.colcon_core.package_identification:_identify(/home/william/rs2_ws/src/Robo-Studio2/src/archive) by extensions ['colcon_pkg']
[0.425s] Level 1:colcon.colcon_core.package_identification:_identify(/home/william/rs2_ws/src/Robo-Studio2/src/archive) by extension 'colcon_pkg'
[0.425s] Level 1:colcon.colcon_core.package_identification:_identify(/home/william/rs2_ws/src/Robo-Studio2/src/archive) by extensions ['colcon_meta']
[0.425s] Level 1:colcon.colcon_core.package_identification:_identify(/home/william/rs2_ws/src/Robo-Studio2/src/archive) by extension 'colcon_meta'
[0.425s] Level 1:colcon.colcon_core.package_identification:_identify(/home/william/rs2_ws/src/Robo-Studio2/src/archive) by extensions ['ros']
[0.425s] Level 1:colcon.colcon_core.package_identification:_identify(/home/william/rs2_ws/src/Robo-Studio2/src/archive) by extension 'ros'
[0.426s] Level 1:colcon.colcon_core.package_identification:_identify(/home/william/rs2_ws/src/Robo-Studio2/src/archive) by extensions ['cmake', 'python']
[0.426s] Level 1:colcon.colcon_core.package_identification:_identify(/home/william/rs2_ws/src/Robo-Studio2/src/archive) by extension 'cmake'
[0.426s] Level 1:colcon.colcon_core.package_identification:_identify(/home/william/rs2_ws/src/Robo-Studio2/src/archive) by extension 'python'
[0.426s] Level 1:colcon.colcon_core.package_identification:_identify(/home/william/rs2_ws/src/Robo-Studio2/src/archive) by extensions ['python_setup_py']
[0.426s] Level 1:colcon.colcon_core.package_identification:_identify(/home/william/rs2_ws/src/Robo-Studio2/src/archive) by extension 'python_setup_py'
[0.426s] Level 1:colcon.colcon_core.package_identification:_identify(/home/william/rs2_ws/src/Robo-Studio2/src/archive/planning) by extensions ['ignore', 'ignore_ament_install']
[0.426s] Level 1:colcon.colcon_core.package_identification:_identify(/home/william/rs2_ws/src/Robo-Studio2/src/archive/planning) by extension 'ignore'
[0.426s] Level 1:colcon.colcon_core.package_identification:_identify(/home/william/rs2_ws/src/Robo-Studio2/src/archive/planning) by extension 'ignore_ament_install'
[0.426s] Level 1:colcon.colcon_core.package_identification:_identify(/home/william/rs2_ws/src/Robo-Studio2/src/archive/planning) by extensions ['colcon_pkg']
[0.426s] Level 1:colcon.colcon_core.package_identification:_identify(/home/william/rs2_ws/src/Robo-Studio2/src/archive/planning) by extension 'colcon_pkg'
[0.426s] Level 1:colcon.colcon_core.package_identification:_identify(/home/william/rs2_ws/src/Robo-Studio2/src/archive/planning) by extensions ['colcon_meta']
[0.426s] Level 1:colcon.colcon_core.package_identification:_identify(/home/william/rs2_ws/src/Robo-Studio2/src/archive/planning) by extension 'colcon_meta'
[0.426s] Level 1:colcon.colcon_core.package_identification:_identify(/home/william/rs2_ws/src/Robo-Studio2/src/archive/planning) by extensions ['ros']
[0.426s] Level 1:colcon.colcon_core.package_identification:_identify(/home/william/rs2_ws/src/Robo-Studio2/src/archive/planning) by extension 'ros'
[0.429s] DEBUG:colcon.colcon_core.package_identification:Package '/home/william/rs2_ws/src/Robo-Studio2/src/archive/planning' with type 'ros.ament_cmake' and name 'planning'
[0.429s] Level 1:colcon.colcon_core.package_identification:_identify(/home/william/rs2_ws/src/Robo-Studio2/src/control) by extensions ['ignore', 'ignore_ament_install']
[0.429s] Level 1:colcon.colcon_core.package_identification:_identify(/home/william/rs2_ws/src/Robo-Studio2/src/control) by extension 'ignore'
[0.429s] Level 1:colcon.colcon_core.package_identification:_identify(/home/william/rs2_ws/src/Robo-Studio2/src/control) by extension 'ignore_ament_install'
[0.429s] Level 1:colcon.colcon_core.package_identification:_identify(/home/william/rs2_ws/src/Robo-Studio2/src/control) by extensions ['colcon_pkg']
[0.429s] Level 1:colcon.colcon_core.package_identification:_identify(/home/william/rs2_ws/src/Robo-Studio2/src/control) by extension 'colcon_pkg'
[0.429s] Level 1:colcon.colcon_core.package_identification:_identify(/home/william/rs2_ws/src/Robo-Studio2/src/control) by extensions ['colcon_meta']
[0.429s] Level 1:colcon.colcon_core.package_identification:_identify(/home/william/rs2_ws/src/Robo-Studio2/src/control) by extension 'colcon_meta'
[0.429s] Level 1:colcon.colcon_core.package_identification:_identify(/home/william/rs2_ws/src/Robo-Studio2/src/control) by extensions ['ros']
[0.429s] Level 1:colcon.colcon_core.package_identification:_identify(/home/william/rs2_ws/src/Robo-Studio2/src/control) by extension 'ros'
[0.430s] DEBUG:colcon.colcon_core.package_identification:Package '/home/william/rs2_ws/src/Robo-Studio2/src/control' with type 'ros.ament_cmake' and name 'control'
[0.431s] Level 1:colcon.colcon_core.package_identification:_identify(/home/william/rs2_ws/src/Robo-Studio2/src/gui) by extensions ['ignore', 'ignore_ament_install']
[0.431s] Level 1:colcon.colcon_core.package_identification:_identify(/home/william/rs2_ws/src/Robo-Studio2/src/gui) by extension 'ignore'
[0.431s] Level 1:colcon.colcon_core.package_identification:_identify(/home/william/rs2_ws/src/Robo-Studio2/src/gui) by extension 'ignore_ament_install'
[0.431s] Level 1:colcon.colcon_core.package_identification:_identify(/home/william/rs2_ws/src/Robo-Studio2/src/gui) by extensions ['colcon_pkg']
[0.431s] Level 1:colcon.colcon_core.package_identification:_identify(/home/william/rs2_ws/src/Robo-Studio2/src/gui) by extension 'colcon_pkg'
[0.431s] Level 1:colcon.colcon_core.package_identification:_identify(/home/william/rs2_ws/src/Robo-Studio2/src/gui) by extensions ['colcon_meta']
[0.431s] Level 1:colcon.colcon_core.package_identification:_identify(/home/william/rs2_ws/src/Robo-Studio2/src/gui) by extension 'colcon_meta'
[0.431s] Level 1:colcon.colcon_core.package_identification:_identify(/home/william/rs2_ws/src/Robo-Studio2/src/gui) by extensions ['ros']
[0.431s] Level 1:colcon.colcon_core.package_identification:_identify(/home/william/rs2_ws/src/Robo-Studio2/src/gui) by extension 'ros'
[0.432s] DEBUG:colcon.colcon_core.package_identification:Package '/home/william/rs2_ws/src/Robo-Studio2/src/gui' with type 'ros.ament_python' and name 'gui'
[0.433s] Level 1:colcon.colcon_core.package_identification:_identify(/home/william/rs2_ws/src/Robo-Studio2/src/img_processor) by extensions ['ignore', 'ignore_ament_install']
[0.433s] Level 1:colcon.colcon_core.package_identification:_identify(/home/william/rs2_ws/src/Robo-Studio2/src/img_processor) by extension 'ignore'
[0.433s] Level 1:colcon.colcon_core.package_identification:_identify(/home/william/rs2_ws/src/Robo-Studio2/src/img_processor) by extension 'ignore_ament_install'
[0.433s] Level 1:colcon.colcon_core.package_identification:_identify(/home/william/rs2_ws/src/Robo-Studio2/src/img_processor) by extensions ['colcon_pkg']
[0.433s] Level 1:colcon.colcon_core.package_identification:_identify(/home/william/rs2_ws/src/Robo-Studio2/src/img_processor) by extension 'colcon_pkg'
[0.433s] Level 1:colcon.colcon_core.package_identification:_identify(/home/william/rs2_ws/src/Robo-Studio2/src/img_processor) by extensions ['colcon_meta']
[0.433s] Level 1:colcon.colcon_core.package_identification:_identify(/home/william/rs2_ws/src/Robo-Studio2/src/img_processor) by extension 'colcon_meta'
[0.433s] Level 1:colcon.colcon_core.package_identification:_identify(/home/william/rs2_ws/src/Robo-Studio2/src/img_processor) by extensions ['ros']
[0.433s] Level 1:colcon.colcon_core.package_identification:_identify(/home/william/rs2_ws/src/Robo-Studio2/src/img_processor) by extension 'ros'
[0.433s] Level 1:colcon.colcon_core.package_identification:_identify(/home/william/rs2_ws/src/Robo-Studio2/src/img_processor) by extensions ['cmake', 'python']
[0.433s] Level 1:colcon.colcon_core.package_identification:_identify(/home/william/rs2_ws/src/Robo-Studio2/src/img_processor) by extension 'cmake'
[0.433s] Level 1:colcon.colcon_core.package_identification:_identify(/home/william/rs2_ws/src/Robo-Studio2/src/img_processor) by extension 'python'
[0.433s] Level 1:colcon.colcon_core.package_identification:_identify(/home/william/rs2_ws/src/Robo-Studio2/src/img_processor) by extensions ['python_setup_py']
[0.433s] Level 1:colcon.colcon_core.package_identification:_identify(/home/william/rs2_ws/src/Robo-Studio2/src/img_processor) by extension 'python_setup_py'
[0.434s] Level 1:colcon.colcon_core.package_identification:_identify(/home/william/rs2_ws/src/Robo-Studio2/src/img_processor/test_images) by extensions ['ignore', 'ignore_ament_install']
[0.434s] Level 1:colcon.colcon_core.package_identification:_identify(/home/william/rs2_ws/src/Robo-Studio2/src/img_processor/test_images) by extension 'ignore'
[0.434s] Level 1:colcon.colcon_core.package_identification:_identify(/home/william/rs2_ws/src/Robo-Studio2/src/img_processor/test_images) by extension 'ignore_ament_install'
[0.434s] Level 1:colcon.colcon_core.package_identification:_identify(/home/william/rs2_ws/src/Robo-Studio2/src/img_processor/test_images) by extensions ['colcon_pkg']
[0.434s] Level 1:colcon.colcon_core.package_identification:_identify(/home/william/rs2_ws/src/Robo-Studio2/src/img_processor/test_images) by extension 'colcon_pkg'
[0.434s] Level 1:colcon.colcon_core.package_identification:_identify(/home/william/rs2_ws/src/Robo-Studio2/src/img_processor/test_images) by extensions ['colcon_meta']
[0.434s] Level 1:colcon.colcon_core.package_identification:_identify(/home/william/rs2_ws/src/Robo-Studio2/src/img_processor/test_images) by extension 'colcon_meta'
[0.434s] Level 1:colcon.colcon_core.package_identification:_identify(/home/william/rs2_ws/src/Robo-Studio2/src/img_processor/test_images) by extensions ['ros']
[0.434s] Level 1:colcon.colcon_core.package_identification:_identify(/home/william/rs2_ws/src/Robo-Studio2/src/img_processor/test_images) by extension 'ros'
[0.434s] Level 1:colcon.colcon_core.package_identification:_identify(/home/william/rs2_ws/src/Robo-Studio2/src/img_processor/test_images) by extensions ['cmake', 'python']
[0.434s] Level 1:colcon.colcon_core.package_identification:_identify(/home/william/rs2_ws/src/Robo-Studio2/src/img_processor/test_images) by extension 'cmake'
[0.434s] Level 1:colcon.colcon_core.package_identification:_identify(/home/william/rs2_ws/src/Robo-Studio2/src/img_processor/test_images) by extension 'python'
[0.434s] Level 1:colcon.colcon_core.package_identification:_identify(/home/william/rs2_ws/src/Robo-Studio2/src/img_processor/test_images) by extensions ['python_setup_py']
[0.434s] Level 1:colcon.colcon_core.package_identification:_identify(/home/william/rs2_ws/src/Robo-Studio2/src/img_processor/test_images) by extension 'python_setup_py'
[0.434s] Level 1:colcon.colcon_core.package_identification:_identify(/home/william/rs2_ws/src/Robo-Studio2/src/py_planning) by extensions ['ignore', 'ignore_ament_install']
[0.435s] Level 1:colcon.colcon_core.package_identification:_identify(/home/william/rs2_ws/src/Robo-Studio2/src/py_planning) by extension 'ignore'
[0.435s] Level 1:colcon.colcon_core.package_identification:_identify(/home/william/rs2_ws/src/Robo-Studio2/src/py_planning) by extension 'ignore_ament_install'
[0.435s] Level 1:colcon.colcon_core.package_identification:_identify(/home/william/rs2_ws/src/Robo-Studio2/src/py_planning) by extensions ['colcon_pkg']
[0.435s] Level 1:colcon.colcon_core.package_identification:_identify(/home/william/rs2_ws/src/Robo-Studio2/src/py_planning) by extension 'colcon_pkg'
[0.435s] Level 1:colcon.colcon_core.package_identification:_identify(/home/william/rs2_ws/src/Robo-Studio2/src/py_planning) by extensions ['colcon_meta']
[0.435s] Level 1:colcon.colcon_core.package_identification:_identify(/home/william/rs2_ws/src/Robo-Studio2/src/py_planning) by extension 'colcon_meta'
[0.435s] Level 1:colcon.colcon_core.package_identification:_identify(/home/william/rs2_ws/src/Robo-Studio2/src/py_planning) by extensions ['ros']
[0.435s] Level 1:colcon.colcon_core.package_identification:_identify(/home/william/rs2_ws/src/Robo-Studio2/src/py_planning) by extension 'ros'
[0.435s] DEBUG:colcon.colcon_core.package_identification:Package '/home/william/rs2_ws/src/Robo-Studio2/src/py_planning' with type 'ros.ament_python' and name 'py_planning'
[0.435s] Level 1:colcon.colcon_core.package_identification:_identify(/home/william/rs2_ws/src/Robo-Studio2/src/robo_da_vinci) by extensions ['ignore', 'ignore_ament_install']
[0.436s] Level 1:colcon.colcon_core.package_identification:_identify(/home/william/rs2_ws/src/Robo-Studio2/src/robo_da_vinci) by extension 'ignore'
[0.436s] Level 1:colcon.colcon_core.package_identification:_identify(/home/william/rs2_ws/src/Robo-Studio2/src/robo_da_vinci) by extension 'ignore_ament_install'
[0.436s] Level 1:colcon.colcon_core.package_identification:_identify(/home/william/rs2_ws/src/Robo-Studio2/src/robo_da_vinci) by extensions ['colcon_pkg']
[0.436s] Level 1:colcon.colcon_core.package_identification:_identify(/home/william/rs2_ws/src/Robo-Studio2/src/robo_da_vinci) by extension 'colcon_pkg'
[0.436s] Level 1:colcon.colcon_core.package_identification:_identify(/home/william/rs2_ws/src/Robo-Studio2/src/robo_da_vinci) by extensions ['colcon_meta']
[0.436s] Level 1:colcon.colcon_core.package_identification:_identify(/home/william/rs2_ws/src/Robo-Studio2/src/robo_da_vinci) by extension 'colcon_meta'
[0.436s] Level 1:colcon.colcon_core.package_identification:_identify(/home/william/rs2_ws/src/Robo-Studio2/src/robo_da_vinci) by extensions ['ros']
[0.436s] Level 1:colcon.colcon_core.package_identification:_identify(/home/william/rs2_ws/src/Robo-Studio2/src/robo_da_vinci) by extension 'ros'
[0.436s] DEBUG:colcon.colcon_core.package_identification:Package '/home/william/rs2_ws/src/Robo-Studio2/src/robo_da_vinci' with type 'ros.ament_python' and name 'robo_da_vinci'
[0.436s] Level 1:colcon.colcon_core.package_discovery:discover_packages(recursive) using defaults
